0 info it worked if it ends with ok
1 verbose cli [ '/Users/saurabhsharma/.nvm/versions/node/v6.1.0/bin/node',
1 verbose cli   '/Users/saurabhsharma/.nvm/versions/node/v6.1.0/bin/npm',
1 verbose cli   'run',
1 verbose cli   'dev' ]
2 info using npm@3.8.6
3 info using node@v6.1.0
4 verbose run-script [ 'predev', 'dev', 'postdev' ]
5 info lifecycle ves-flow-riot@0.0.1~predev: ves-flow-riot@0.0.1
6 silly lifecycle ves-flow-riot@0.0.1~predev: no script for predev, continuing
7 info lifecycle ves-flow-riot@0.0.1~dev: ves-flow-riot@0.0.1
8 verbose lifecycle ves-flow-riot@0.0.1~dev: unsafe-perm in lifecycle true
9 verbose lifecycle ves-flow-riot@0.0.1~dev: PATH: /Users/saurabhsharma/.nvm/versions/node/v6.1.0/lib/node_modules/npm/bin/node-gyp-bin:/Users/saurabhsharma/rootproject/ves-flow/ves-flow/node_modules/.bin:/Users/saurabhsharma/.nvm/versions/node/v6.1.0/bin:/Users/saurabhsharma/.nvm/versions/node/v6.1.0/bin:/usr/local/bin:/usr/bin:/bin:/usr/sbin:/sbin
10 verbose lifecycle ves-flow-riot@0.0.1~dev: CWD: /Users/saurabhsharma/rootproject/ves-flow/ves-flow
11 silly lifecycle ves-flow-riot@0.0.1~dev: Args: [ '-c',
11 silly lifecycle   '../node_modules/.bin/parallelshell \'npm run js\' \'npm run css:watch\' \'npm run html:watch\' \'npm run assets:watch\'' ]
12 silly lifecycle ves-flow-riot@0.0.1~dev: Returned: code: 1  signal: null
13 info lifecycle ves-flow-riot@0.0.1~dev: Failed to exec dev script
14 verbose stack Error: ves-flow-riot@0.0.1 dev: `../node_modules/.bin/parallelshell 'npm run js' 'npm run css:watch' 'npm run html:watch' 'npm run assets:watch'`
14 verbose stack Exit status 1
14 verbose stack     at EventEmitter.<anonymous> (/Users/saurabhsharma/.nvm/versions/node/v6.1.0/lib/node_modules/npm/lib/utils/lifecycle.js:239:16)
14 verbose stack     at emitTwo (events.js:106:13)
14 verbose stack     at EventEmitter.emit (events.js:191:7)
14 verbose stack     at ChildProcess.<anonymous> (/Users/saurabhsharma/.nvm/versions/node/v6.1.0/lib/node_modules/npm/lib/utils/spawn.js:24:14)
14 verbose stack     at emitTwo (events.js:106:13)
14 verbose stack     at ChildProcess.emit (events.js:191:7)
14 verbose stack     at maybeClose (internal/child_process.js:850:16)
14 verbose stack     at Process.ChildProcess._handle.onexit (internal/child_process.js:215:5)
15 verbose pkgid ves-flow-riot@0.0.1
16 verbose cwd /Users/saurabhsharma/rootproject/ves-flow/ves-flow
17 error Darwin 15.4.0
18 error argv "/Users/saurabhsharma/.nvm/versions/node/v6.1.0/bin/node" "/Users/saurabhsharma/.nvm/versions/node/v6.1.0/bin/npm" "run" "dev"
19 error node v6.1.0
20 error npm  v3.8.6
21 error code ELIFECYCLE
22 error ves-flow-riot@0.0.1 dev: `../node_modules/.bin/parallelshell 'npm run js' 'npm run css:watch' 'npm run html:watch' 'npm run assets:watch'`
22 error Exit status 1
23 error Failed at the ves-flow-riot@0.0.1 dev script '../node_modules/.bin/parallelshell 'npm run js' 'npm run css:watch' 'npm run html:watch' 'npm run assets:watch''.
23 error Make sure you have the latest version of node.js and npm installed.
23 error If you do, this is most likely a problem with the ves-flow-riot package,
23 error not with npm itself.
23 error Tell the author that this fails on your system:
23 error     ../node_modules/.bin/parallelshell 'npm run js' 'npm run css:watch' 'npm run html:watch' 'npm run assets:watch'
23 error You can get information on how to open an issue for this project with:
23 error     npm bugs ves-flow-riot
23 error Or if that isn't available, you can get their info via:
23 error     npm owner ls ves-flow-riot
23 error There is likely additional logging output above.
24 verbose exit [ 1, true ]
